# JRE version: OpenJDK Runtime Environment Temurin-17.0.5+8 (17.0.5+8) (build 17.0.5+8)
# Java VM: OpenJDK 64-Bit Server VM Temurin-17.0.5+8 (17.0.5+8, mixed mode, tiered, compressed oops, compressed class ptrs, parallel gc, windows-amd64)
GC Precious Log:
 CPUs: 8 total, 8 available
 Memory: 6091M
 Large Page Support: Disabled
 NUMA Support: Disabled
 Compressed Oops: Enabled (32-bit)
 Alignments: Space 512K, Generation 512K, Heap 2M
 Heap Min Capacity: 100M
 Heap Initial Capacity: 100M
 Heap Max Capacity: 1G
 Pre-touch: Disabled
 Parallel Workers: 8
Heap:
 PSYoungGen      total 18944K, used 6862K [0x00000000eab00000, 0x00000000ec100000, 0x0000000100000000)
  eden space 17920K, 34% used [0x00000000eab00000,0x00000000eb105e70,0x00000000ebc80000)
  from space 1024K, 67% used [0x00000000ec000000,0x00000000ec0ada20,0x00000000ec100000)
  to   space 1024K, 0% used [0x00000000ebf00000,0x00000000ebf00000,0x00000000ec000000)
 ParOldGen       total 68608K, used 45525K [0x00000000c0000000, 0x00000000c4300000, 0x00000000eab00000)
  object space 68608K, 66% used [0x00000000c0000000,0x00000000c2c75558,0x00000000c4300000)
 Metaspace       used 62454K, committed 63424K, reserved 1105920K
  class space    used 7562K, committed 8000K, reserved 1048576K
GC Heap History (20 events):
Event: 50.027 GC heap before
{Heap before GC invocations=28 (full 2):
 PSYoungGen      total 18432K, used 18432K [0x00000000eab00000, 0x00000000ec380000, 0x0000000100000000)
  eden space 17920K, 100% used [0x00000000eab00000,0x00000000ebc80000,0x00000000ebc80000)
  from space 512K, 100% used [0x00000000ebc80000,0x00000000ebd00000,0x00000000ebd00000)
  to   space 2048K, 0% used [0x00000000ec180000,0x00000000ec180000,0x00000000ec380000)
 ParOldGen       total 68608K, used 43544K [0x00000000c0000000, 0x00000000c4300000, 0x00000000eab00000)
  object space 68608K, 63% used [0x00000000c0000000,0x00000000c2a86270,0x00000000c4300000)
 Metaspace       used 54478K, committed 55296K, reserved 1097728K
  class space    used 6330K, committed 6656K, reserved 1048576K
}
Event: 50.030 GC heap after
{Heap after GC invocations=28 (full 2):
 PSYoungGen      total 19456K, used 1033K [0x00000000eab00000, 0x00000000ec300000, 0x0000000100000000)
  eden space 17920K, 0% used [0x00000000eab00000,0x00000000eab00000,0x00000000ebc80000)
  from space 1536K, 67% used [0x00000000ec180000,0x00000000ec2827d0,0x00000000ec300000)
  to   space 1536K, 0% used [0x00000000ec000000,0x00000000ec000000,0x00000000ec180000)
 ParOldGen       total 68608K, used 43936K [0x00000000c0000000, 0x00000000c4300000, 0x00000000eab00000)
  object space 68608K, 64% used [0x00000000c0000000,0x00000000c2ae8270,0x00000000c4300000)
 Metaspace       used 54478K, committed 55296K, reserved 1097728K
  class space    used 6330K, committed 6656K, reserved 1048576K
}
Event: 50.681 GC heap before
{Heap before GC invocations=29 (full 2):
 PSYoungGen      total 19456K, used 18953K [0x00000000eab00000, 0x00000000ec300000, 0x0000000100000000)
  eden space 17920K, 100% used [0x00000000eab00000,0x00000000ebc80000,0x00000000ebc80000)
  from space 1536K, 67% used [0x00000000ec180000,0x00000000ec2827d0,0x00000000ec300000)
  to   space 1536K, 0% used [0x00000000ec000000,0x00000000ec000000,0x00000000ec180000)
 ParOldGen       total 68608K, used 43936K [0x00000000c0000000, 0x00000000c4300000, 0x00000000eab00000)
  object space 68608K, 64% used [0x00000000c0000000,0x00000000c2ae8270,0x00000000c4300000)
 Metaspace       used 55796K, committed 56576K, reserved 1105920K
  class space    used 6580K, committed 6912K, reserved 1048576K
}
Event: 50.683 GC heap after
{Heap after GC invocations=29 (full 2):
 PSYoungGen      total 18432K, used 459K [0x00000000eab00000, 0x00000000ec200000, 0x0000000100000000)
  eden space 17920K, 0% used [0x00000000eab00000,0x00000000eab00000,0x00000000ebc80000)
  from space 512K, 89% used [0x00000000ec000000,0x00000000ec072e90,0x00000000ec080000)
  to   space 1024K, 0% used [0x00000000ec100000,0x00000000ec100000,0x00000000ec200000)
 ParOldGen       total 68608K, used 44824K [0x00000000c0000000, 0x00000000c4300000, 0x00000000eab00000)
  object space 68608K, 65% used [0x00000000c0000000,0x00000000c2bc6158,0x00000000c4300000)
 Metaspace       used 55796K, committed 56576K, reserved 1105920K
  class space    used 6580K, committed 6912K, reserved 1048576K
}
Event: 51.214 GC heap before
{Heap before GC invocations=30 (full 2):
 PSYoungGen      total 18432K, used 18379K [0x00000000eab00000, 0x00000000ec200000, 0x0000000100000000)
  eden space 17920K, 100% used [0x00000000eab00000,0x00000000ebc80000,0x00000000ebc80000)
  from space 512K, 89% used [0x00000000ec000000,0x00000000ec072e90,0x00000000ec080000)
  to   space 1024K, 0% used [0x00000000ec100000,0x00000000ec100000,0x00000000ec200000)
 ParOldGen       total 68608K, used 44824K [0x00000000c0000000, 0x00000000c4300000, 0x00000000eab00000)
  object space 68608K, 65% used [0x00000000c0000000,0x00000000c2bc6158,0x00000000c4300000)
 Metaspace       used 56978K, committed 57856K, reserved 1105920K
  class space    used 6853K, committed 7232K, reserved 1048576K
}
Event: 51.215 GC heap after
{Heap after GC invocations=30 (full 2):
 PSYoungGen      total 18432K, used 288K [0x00000000eab00000, 0x00000000ec180000, 0x0000000100000000)
  eden space 17920K, 0% used [0x00000000eab00000,0x00000000eab00000,0x00000000ebc80000)
  from space 512K, 56% used [0x00000000ec100000,0x00000000ec148000,0x00000000ec180000)
  to   space 512K, 0% used [0x00000000ec000000,0x00000000ec000000,0x00000000ec080000)
 ParOldGen       total 68608K, used 44944K [0x00000000c0000000, 0x00000000c4300000, 0x00000000eab00000)
  object space 68608K, 65% used [0x00000000c0000000,0x00000000c2be4158,0x00000000c4300000)
 Metaspace       used 56978K, committed 57856K, reserved 1105920K
  class space    used 6853K, committed 7232K, reserved 1048576K
}
Event: 53.036 GC heap before
{Heap before GC invocations=31 (full 2):
 PSYoungGen      total 18432K, used 18208K [0x00000000eab00000, 0x00000000ec180000, 0x0000000100000000)
  eden space 17920K, 100% used [0x00000000eab00000,0x00000000ebc80000,0x00000000ebc80000)
  from space 512K, 56% used [0x00000000ec100000,0x00000000ec148000,0x00000000ec180000)
  to   space 512K, 0% used [0x00000000ec000000,0x00000000ec000000,0x00000000ec080000)
 ParOldGen       total 68608K, used 44944K [0x00000000c0000000, 0x00000000c4300000, 0x00000000eab00000)
  object space 68608K, 65% used [0x00000000c0000000,0x00000000c2be4158,0x00000000c4300000)
 Metaspace       used 57689K, committed 58496K, reserved 1105920K
  class space    used 7028K, committed 7360K, reserved 1048576K
}
Event: 53.038 GC heap after
{Heap after GC invocations=31 (full 2):
 PSYoungGen      total 18432K, used 384K [0x00000000eab00000, 0x00000000ec180000, 0x0000000100000000)
  eden space 17920K, 0% used [0x00000000eab00000,0x00000000eab00000,0x00000000ebc80000)
  from space 512K, 75% used [0x00000000ec000000,0x00000000ec060000,0x00000000ec080000)
  to   space 512K, 0% used [0x00000000ec100000,0x00000000ec100000,0x00000000ec180000)
 ParOldGen       total 68608K, used 45111K [0x00000000c0000000, 0x00000000c4300000, 0x00000000eab00000)
  object space 68608K, 65% used [0x00000000c0000000,0x00000000c2c0de68,0x00000000c4300000)
 Metaspace       used 57689K, committed 58496K, reserved 1105920K
  class space    used 7028K, committed 7360K, reserved 1048576K
}
Event: 63.494 GC heap before
{Heap before GC invocations=32 (full 2):
 PSYoungGen      total 18432K, used 14845K [0x00000000eab00000, 0x00000000ec180000, 0x0000000100000000)
  eden space 17920K, 80% used [0x00000000eab00000,0x00000000eb91f538,0x00000000ebc80000)
  from space 512K, 75% used [0x00000000ec000000,0x00000000ec060000,0x00000000ec080000)
  to   space 512K, 0% used [0x00000000ec100000,0x00000000ec100000,0x00000000ec180000)
 ParOldGen       total 68608K, used 45111K [0x00000000c0000000, 0x00000000c4300000, 0x00000000eab00000)
  object space 68608K, 65% used [0x00000000c0000000,0x00000000c2c0de68,0x00000000c4300000)
 Metaspace       used 58877K, committed 59776K, reserved 1105920K
  class space    used 7182K, committed 7616K, reserved 1048576K
}
Event: 63.497 GC heap after
{Heap after GC invocations=32 (full 2):
 PSYoungGen      total 18432K, used 512K [0x00000000eab00000, 0x00000000ec180000, 0x0000000100000000)
  eden space 17920K, 0% used [0x00000000eab00000,0x00000000eab00000,0x00000000ebc80000)
  from space 512K, 100% used [0x00000000ec100000,0x00000000ec180000,0x00000000ec180000)
  to   space 1024K, 0% used [0x00000000ebf80000,0x00000000ebf80000,0x00000000ec080000)
 ParOldGen       total 68608K, used 45435K [0x00000000c0000000, 0x00000000c4300000, 0x00000000eab00000)
  object space 68608K, 66% used [0x00000000c0000000,0x00000000c2c5ee98,0x00000000c4300000)
 Metaspace       used 58877K, committed 59776K, reserved 1105920K
  class space    used 7182K, committed 7616K, reserved 1048576K
}
Event: 63.497 GC heap before
{Heap before GC invocations=33 (full 3):
 PSYoungGen      total 18432K, used 512K [0x00000000eab00000, 0x00000000ec180000, 0x0000000100000000)
  eden space 17920K, 0% used [0x00000000eab00000,0x00000000eab00000,0x00000000ebc80000)
  from space 512K, 100% used [0x00000000ec100000,0x00000000ec180000,0x00000000ec180000)
  to   space 1024K, 0% used [0x00000000ebf80000,0x00000000ebf80000,0x00000000ec080000)
 ParOldGen       total 68608K, used 45435K [0x00000000c0000000, 0x00000000c4300000, 0x00000000eab00000)
  object space 68608K, 66% used [0x00000000c0000000,0x00000000c2c5ee98,0x00000000c4300000)
 Metaspace       used 58877K, committed 59776K, reserved 1105920K
  class space    used 7182K, committed 7616K, reserved 1048576K
}
Event: 63.611 GC heap after
{Heap after GC invocations=33 (full 3):
 PSYoungGen      total 18432K, used 0K [0x00000000eab00000, 0x00000000ec180000, 0x0000000100000000)
  eden space 17920K, 0% used [0x00000000eab00000,0x00000000eab00000,0x00000000ebc80000)
  from space 512K, 0% used [0x00000000ec100000,0x00000000ec100000,0x00000000ec180000)
  to   space 1024K, 0% used [0x00000000ebf80000,0x00000000ebf80000,0x00000000ec080000)
 ParOldGen       total 68608K, used 43580K [0x00000000c0000000, 0x00000000c4300000, 0x00000000eab00000)
  object space 68608K, 63% used [0x00000000c0000000,0x00000000c2a8f358,0x00000000c4300000)
 Metaspace       used 58877K, committed 59776K, reserved 1105920K
  class space    used 7182K, committed 7616K, reserved 1048576K
}
Event: 71.712 GC heap before
{Heap before GC invocations=34 (full 3):
 PSYoungGen      total 18432K, used 17920K [0x00000000eab00000, 0x00000000ec180000, 0x0000000100000000)
  eden space 17920K, 100% used [0x00000000eab00000,0x00000000ebc80000,0x00000000ebc80000)
  from space 512K, 0% used [0x00000000ec100000,0x00000000ec100000,0x00000000ec180000)
  to   space 1024K, 0% used [0x00000000ebf80000,0x00000000ebf80000,0x00000000ec080000)
 ParOldGen       total 68608K, used 43580K [0x00000000c0000000, 0x00000000c4300000, 0x00000000eab00000)
  object space 68608K, 63% used [0x00000000c0000000,0x00000000c2a8f358,0x00000000c4300000)
 Metaspace       used 59072K, committed 59968K, reserved 1105920K
  class space    used 7219K, committed 7616K, reserved 1048576K
}
Event: 71.714 GC heap after
{Heap after GC invocations=34 (full 3):
 PSYoungGen      total 18944K, used 416K [0x00000000eab00000, 0x00000000ec180000, 0x0000000100000000)
  eden space 17920K, 0% used [0x00000000eab00000,0x00000000eab00000,0x00000000ebc80000)
  from space 1024K, 40% used [0x00000000ebf80000,0x00000000ebfe8000,0x00000000ec080000)
  to   space 1024K, 0% used [0x00000000ec080000,0x00000000ec080000,0x00000000ec180000)
 ParOldGen       total 68608K, used 43588K [0x00000000c0000000, 0x00000000c4300000, 0x00000000eab00000)
  object space 68608K, 63% used [0x00000000c0000000,0x00000000c2a91358,0x00000000c4300000)
 Metaspace       used 59072K, committed 59968K, reserved 1105920K
  class space    used 7219K, committed 7616K, reserved 1048576K
}
Event: 72.956 GC heap before
{Heap before GC invocations=35 (full 3):
 PSYoungGen      total 18944K, used 18336K [0x00000000eab00000, 0x00000000ec180000, 0x0000000100000000)
  eden space 17920K, 100% used [0x00000000eab00000,0x00000000ebc80000,0x00000000ebc80000)
  from space 1024K, 40% used [0x00000000ebf80000,0x00000000ebfe8000,0x00000000ec080000)
  to   space 1024K, 0% used [0x00000000ec080000,0x00000000ec080000,0x00000000ec180000)
 ParOldGen       total 68608K, used 43588K [0x00000000c0000000, 0x00000000c4300000, 0x00000000eab00000)
  object space 68608K, 63% used [0x00000000c0000000,0x00000000c2a91358,0x00000000c4300000)
 Metaspace       used 59303K, committed 60160K, reserved 1105920K
  class space    used 7233K, committed 7616K, reserved 1048576K
}
Event: 72.959 GC heap after
{Heap after GC invocations=35 (full 3):
 PSYoungGen      total 18944K, used 1024K [0x00000000eab00000, 0x00000000ec180000, 0x0000000100000000)
  eden space 17920K, 0% used [0x00000000eab00000,0x00000000eab00000,0x00000000ebc80000)
  from space 1024K, 100% used [0x00000000ec080000,0x00000000ec180000,0x00000000ec180000)
  to   space 2048K, 0% used [0x00000000ebd80000,0x00000000ebd80000,0x00000000ebf80000)
 ParOldGen       total 68608K, used 44150K [0x00000000c0000000, 0x00000000c4300000, 0x00000000eab00000)
  object space 68608K, 64% used [0x00000000c0000000,0x00000000c2b1d940,0x00000000c4300000)
 Metaspace       used 59303K, committed 60160K, reserved 1105920K
  class space    used 7233K, committed 7616K, reserved 1048576K
}
Event: 73.615 GC heap before
{Heap before GC invocations=36 (full 3):
 PSYoungGen      total 18944K, used 18944K [0x00000000eab00000, 0x00000000ec180000, 0x0000000100000000)
  eden space 17920K, 100% used [0x00000000eab00000,0x00000000ebc80000,0x00000000ebc80000)
  from space 1024K, 100% used [0x00000000ec080000,0x00000000ec180000,0x00000000ec180000)
  to   space 2048K, 0% used [0x00000000ebd80000,0x00000000ebd80000,0x00000000ebf80000)
 ParOldGen       total 68608K, used 44150K [0x00000000c0000000, 0x00000000c4300000, 0x00000000eab00000)
  object space 68608K, 64% used [0x00000000c0000000,0x00000000c2b1d940,0x00000000c4300000)
 Metaspace       used 59663K, committed 60544K, reserved 1105920K
  class space    used 7269K, committed 7680K, reserved 1048576K
}
Event: 73.619 GC heap after
{Heap after GC invocations=36 (full 3):
 PSYoungGen      total 19968K, used 576K [0x00000000eab00000, 0x00000000ec100000, 0x0000000100000000)
  eden space 17920K, 0% used [0x00000000eab00000,0x00000000eab00000,0x00000000ebc80000)
  from space 2048K, 28% used [0x00000000ebd80000,0x00000000ebe10000,0x00000000ebf80000)
  to   space 1024K, 0% used [0x00000000ec000000,0x00000000ec000000,0x00000000ec100000)
 ParOldGen       total 68608K, used 45098K [0x00000000c0000000, 0x00000000c4300000, 0x00000000eab00000)
  object space 68608K, 65% used [0x00000000c0000000,0x00000000c2c0ab60,0x00000000c4300000)
 Metaspace       used 59663K, committed 60544K, reserved 1105920K
  class space    used 7269K, committed 7680K, reserved 1048576K
}
Event: 74.303 GC heap before
{Heap before GC invocations=37 (full 3):
 PSYoungGen      total 19968K, used 18495K [0x00000000eab00000, 0x00000000ec100000, 0x0000000100000000)
  eden space 17920K, 99% used [0x00000000eab00000,0x00000000ebc7fff8,0x00000000ebc80000)
  from space 2048K, 28% used [0x00000000ebd80000,0x00000000ebe10000,0x00000000ebf80000)
  to   space 1024K, 0% used [0x00000000ec000000,0x00000000ec000000,0x00000000ec100000)
 ParOldGen       total 68608K, used 45098K [0x00000000c0000000, 0x00000000c4300000, 0x00000000eab00000)
  object space 68608K, 65% used [0x00000000c0000000,0x00000000c2c0ab60,0x00000000c4300000)
 Metaspace       used 61608K, committed 62528K, reserved 1105920K
  class space    used 7460K, committed 7872K, reserved 1048576K
}
Event: 74.305 GC heap after
{Heap after GC invocations=37 (full 3):
 PSYoungGen      total 18944K, used 694K [0x00000000eab00000, 0x00000000ec100000, 0x0000000100000000)
  eden space 17920K, 0% used [0x00000000eab00000,0x00000000eab00000,0x00000000ebc80000)
  from space 1024K, 67% used [0x00000000ec000000,0x00000000ec0ada20,0x00000000ec100000)
  to   space 1024K, 0% used [0x00000000ebf00000,0x00000000ebf00000,0x00000000ec000000)
 ParOldGen       total 68608K, used 45525K [0x00000000c0000000, 0x00000000c4300000, 0x00000000eab00000)
  object space 68608K, 66% used [0x00000000c0000000,0x00000000c2c75558,0x00000000c4300000)
 Metaspace       used 61608K, committed 62528K, reserved 1105920K
  class space    used 7460K, committed 7872K, reserved 1048576K
}

