# JRE version: OpenJDK Runtime Environment Temurin-17.0.5+8 (17.0.5+8) (build 17.0.5+8)
# Java VM: OpenJDK 64-Bit Server VM Temurin-17.0.5+8 (17.0.5+8, mixed mode, tiered, compressed oops, compressed class ptrs, parallel gc, windows-amd64)
GC Precious Log:
 CPUs: 8 total, 8 available
 Memory: 6091M
 Large Page Support: Disabled
 NUMA Support: Disabled
 Compressed Oops: Enabled (32-bit)
 Alignments: Space 512K, Generation 512K, Heap 2M
 Heap Min Capacity: 100M
 Heap Initial Capacity: 100M
 Heap Max Capacity: 1G
 Pre-touch: Disabled
 Parallel Workers: 8
Heap:
 PSYoungGen      total 7168K, used 3336K [0x00000000eab00000, 0x00000000eb380000, 0x0000000100000000)
  eden space 6656K, 45% used [0x00000000eab00000,0x00000000eadf2390,0x00000000eb180000)
  from space 512K, 62% used [0x00000000eb180000,0x00000000eb1d0010,0x00000000eb200000)
  to   space 512K, 0% used [0x00000000eb300000,0x00000000eb300000,0x00000000eb380000)
 ParOldGen       total 231424K, used 214462K [0x00000000c0000000, 0x00000000ce200000, 0x00000000eab00000)
  object space 231424K, 92% used [0x00000000c0000000,0x00000000cd16fbc0,0x00000000ce200000)
 Metaspace       used 68940K, committed 70016K, reserved 1114112K
  class space    used 8271K, committed 8768K, reserved 1048576K
GC Heap History (20 events):
Event: 287.285 GC heap before
{Heap before GC invocations=556 (full 16):
 PSYoungGen      total 3584K, used 3072K [0x00000000eab00000, 0x00000000eb080000, 0x0000000100000000)
  eden space 2048K, 100% used [0x00000000eab00000,0x00000000ead00000,0x00000000ead00000)
  from space 1536K, 66% used [0x00000000ead00000,0x00000000eae00000,0x00000000eae80000)
  to   space 1536K, 0% used [0x00000000eaf00000,0x00000000eaf00000,0x00000000eb080000)
 ParOldGen       total 231424K, used 210933K [0x00000000c0000000, 0x00000000ce200000, 0x00000000eab00000)
  object space 231424K, 91% used [0x00000000c0000000,0x00000000ccdfd750,0x00000000ce200000)
 Metaspace       used 67196K, committed 68160K, reserved 1114112K
  class space    used 8101K, committed 8512K, reserved 1048576K
}
Event: 287.291 GC heap after
{Heap after GC invocations=556 (full 16):
 PSYoungGen      total 3584K, used 928K [0x00000000eab00000, 0x00000000eb000000, 0x0000000100000000)
  eden space 2560K, 0% used [0x00000000eab00000,0x00000000eab00000,0x00000000ead80000)
  from space 1024K, 90% used [0x00000000eaf00000,0x00000000eafe8000,0x00000000eb000000)
  to   space 1024K, 0% used [0x00000000eae00000,0x00000000eae00000,0x00000000eaf00000)
 ParOldGen       total 231424K, used 211253K [0x00000000c0000000, 0x00000000ce200000, 0x00000000eab00000)
  object space 231424K, 91% used [0x00000000c0000000,0x00000000cce4d750,0x00000000ce200000)
 Metaspace       used 67196K, committed 68160K, reserved 1114112K
  class space    used 8101K, committed 8512K, reserved 1048576K
}
Event: 287.312 GC heap before
{Heap before GC invocations=557 (full 16):
 PSYoungGen      total 3584K, used 3488K [0x00000000eab00000, 0x00000000eb000000, 0x0000000100000000)
  eden space 2560K, 100% used [0x00000000eab00000,0x00000000ead80000,0x00000000ead80000)
  from space 1024K, 90% used [0x00000000eaf00000,0x00000000eafe8000,0x00000000eb000000)
  to   space 1024K, 0% used [0x00000000eae00000,0x00000000eae00000,0x00000000eaf00000)
 ParOldGen       total 231424K, used 211253K [0x00000000c0000000, 0x00000000ce200000, 0x00000000eab00000)
  object space 231424K, 91% used [0x00000000c0000000,0x00000000cce4d750,0x00000000ce200000)
 Metaspace       used 67206K, committed 68160K, reserved 1114112K
  class space    used 8102K, committed 8512K, reserved 1048576K
}
Event: 287.315 GC heap after
{Heap after GC invocations=557 (full 16):
 PSYoungGen      total 4096K, used 896K [0x00000000eab00000, 0x00000000eb000000, 0x0000000100000000)
  eden space 3072K, 0% used [0x00000000eab00000,0x00000000eab00000,0x00000000eae00000)
  from space 1024K, 87% used [0x00000000eae00000,0x00000000eaee0000,0x00000000eaf00000)
  to   space 1024K, 0% used [0x00000000eaf00000,0x00000000eaf00000,0x00000000eb000000)
 ParOldGen       total 231424K, used 211525K [0x00000000c0000000, 0x00000000ce200000, 0x00000000eab00000)
  object space 231424K, 91% used [0x00000000c0000000,0x00000000cce91750,0x00000000ce200000)
 Metaspace       used 67206K, committed 68160K, reserved 1114112K
  class space    used 8102K, committed 8512K, reserved 1048576K
}
Event: 287.354 GC heap before
{Heap before GC invocations=558 (full 16):
 PSYoungGen      total 4096K, used 3968K [0x00000000eab00000, 0x00000000eb000000, 0x0000000100000000)
  eden space 3072K, 100% used [0x00000000eab00000,0x00000000eae00000,0x00000000eae00000)
  from space 1024K, 87% used [0x00000000eae00000,0x00000000eaee0000,0x00000000eaf00000)
  to   space 1024K, 0% used [0x00000000eaf00000,0x00000000eaf00000,0x00000000eb000000)
 ParOldGen       total 231424K, used 211525K [0x00000000c0000000, 0x00000000ce200000, 0x00000000eab00000)
  object space 231424K, 91% used [0x00000000c0000000,0x00000000cce91750,0x00000000ce200000)
 Metaspace       used 67217K, committed 68160K, reserved 1114112K
  class space    used 8103K, committed 8512K, reserved 1048576K
}
Event: 287.361 GC heap after
{Heap after GC invocations=558 (full 16):
 PSYoungGen      total 4096K, used 825K [0x00000000eab00000, 0x00000000eb100000, 0x0000000100000000)
  eden space 3072K, 0% used [0x00000000eab00000,0x00000000eab00000,0x00000000eae00000)
  from space 1024K, 80% used [0x00000000eaf00000,0x00000000eafce470,0x00000000eb000000)
  to   space 1024K, 0% used [0x00000000eae00000,0x00000000eae00000,0x00000000eaf00000)
 ParOldGen       total 231424K, used 211821K [0x00000000c0000000, 0x00000000ce200000, 0x00000000eab00000)
  object space 231424K, 91% used [0x00000000c0000000,0x00000000ccedb750,0x00000000ce200000)
 Metaspace       used 67217K, committed 68160K, reserved 1114112K
  class space    used 8103K, committed 8512K, reserved 1048576K
}
Event: 287.381 GC heap before
{Heap before GC invocations=559 (full 16):
 PSYoungGen      total 4096K, used 3897K [0x00000000eab00000, 0x00000000eb100000, 0x0000000100000000)
  eden space 3072K, 100% used [0x00000000eab00000,0x00000000eae00000,0x00000000eae00000)
  from space 1024K, 80% used [0x00000000eaf00000,0x00000000eafce470,0x00000000eb000000)
  to   space 1024K, 0% used [0x00000000eae00000,0x00000000eae00000,0x00000000eaf00000)
 ParOldGen       total 231424K, used 211821K [0x00000000c0000000, 0x00000000ce200000, 0x00000000eab00000)
  object space 231424K, 91% used [0x00000000c0000000,0x00000000ccedb750,0x00000000ce200000)
 Metaspace       used 67258K, committed 68224K, reserved 1114112K
  class space    used 8106K, committed 8512K, reserved 1048576K
}
Event: 287.387 GC heap after
{Heap after GC invocations=559 (full 16):
 PSYoungGen      total 4096K, used 768K [0x00000000eab00000, 0x00000000eb100000, 0x0000000100000000)
  eden space 3072K, 0% used [0x00000000eab00000,0x00000000eab00000,0x00000000eae00000)
  from space 1024K, 75% used [0x00000000eae00000,0x00000000eaec0000,0x00000000eaf00000)
  to   space 1024K, 0% used [0x00000000eb000000,0x00000000eb000000,0x00000000eb100000)
 ParOldGen       total 231424K, used 212141K [0x00000000c0000000, 0x00000000ce200000, 0x00000000eab00000)
  object space 231424K, 91% used [0x00000000c0000000,0x00000000ccf2b750,0x00000000ce200000)
 Metaspace       used 67258K, committed 68224K, reserved 1114112K
  class space    used 8106K, committed 8512K, reserved 1048576K
}
Event: 287.414 GC heap before
{Heap before GC invocations=560 (full 16):
 PSYoungGen      total 4096K, used 3840K [0x00000000eab00000, 0x00000000eb100000, 0x0000000100000000)
  eden space 3072K, 100% used [0x00000000eab00000,0x00000000eae00000,0x00000000eae00000)
  from space 1024K, 75% used [0x00000000eae00000,0x00000000eaec0000,0x00000000eaf00000)
  to   space 1024K, 0% used [0x00000000eb000000,0x00000000eb000000,0x00000000eb100000)
 ParOldGen       total 231424K, used 212141K [0x00000000c0000000, 0x00000000ce200000, 0x00000000eab00000)
  object space 231424K, 91% used [0x00000000c0000000,0x00000000ccf2b750,0x00000000ce200000)
 Metaspace       used 67273K, committed 68224K, reserved 1114112K
  class space    used 8108K, committed 8512K, reserved 1048576K
}
Event: 287.424 GC heap after
{Heap after GC invocations=560 (full 16):
 PSYoungGen      total 5120K, used 480K [0x00000000eab00000, 0x00000000eb100000, 0x0000000100000000)
  eden space 4096K, 0% used [0x00000000eab00000,0x00000000eab00000,0x00000000eaf00000)
  from space 1024K, 46% used [0x00000000eb000000,0x00000000eb078000,0x00000000eb100000)
  to   space 1024K, 0% used [0x00000000eaf00000,0x00000000eaf00000,0x00000000eb000000)
 ParOldGen       total 231424K, used 212606K [0x00000000c0000000, 0x00000000ce200000, 0x00000000eab00000)
  object space 231424K, 91% used [0x00000000c0000000,0x00000000ccf9fbc0,0x00000000ce200000)
 Metaspace       used 67273K, committed 68224K, reserved 1114112K
  class space    used 8108K, committed 8512K, reserved 1048576K
}
Event: 287.483 GC heap before
{Heap before GC invocations=561 (full 16):
 PSYoungGen      total 5120K, used 4576K [0x00000000eab00000, 0x00000000eb100000, 0x0000000100000000)
  eden space 4096K, 100% used [0x00000000eab00000,0x00000000eaf00000,0x00000000eaf00000)
  from space 1024K, 46% used [0x00000000eb000000,0x00000000eb078000,0x00000000eb100000)
  to   space 1024K, 0% used [0x00000000eaf00000,0x00000000eaf00000,0x00000000eb000000)
 ParOldGen       total 231424K, used 212606K [0x00000000c0000000, 0x00000000ce200000, 0x00000000eab00000)
  object space 231424K, 91% used [0x00000000c0000000,0x00000000ccf9fbc0,0x00000000ce200000)
 Metaspace       used 67409K, committed 68352K, reserved 1114112K
  class space    used 8119K, committed 8512K, reserved 1048576K
}
Event: 287.493 GC heap after
{Heap after GC invocations=561 (full 16):
 PSYoungGen      total 5120K, used 1024K [0x00000000eab00000, 0x00000000eb400000, 0x0000000100000000)
  eden space 4096K, 0% used [0x00000000eab00000,0x00000000eab00000,0x00000000eaf00000)
  from space 1024K, 100% used [0x00000000eaf00000,0x00000000eb000000,0x00000000eb000000)
  to   space 2048K, 0% used [0x00000000eb200000,0x00000000eb200000,0x00000000eb400000)
 ParOldGen       total 231424K, used 213134K [0x00000000c0000000, 0x00000000ce200000, 0x00000000eab00000)
  object space 231424K, 92% used [0x00000000c0000000,0x00000000cd023bc0,0x00000000ce200000)
 Metaspace       used 67409K, committed 68352K, reserved 1114112K
  class space    used 8119K, committed 8512K, reserved 1048576K
}
Event: 287.518 GC heap before
{Heap before GC invocations=562 (full 16):
 PSYoungGen      total 5120K, used 5120K [0x00000000eab00000, 0x00000000eb400000, 0x0000000100000000)
  eden space 4096K, 100% used [0x00000000eab00000,0x00000000eaf00000,0x00000000eaf00000)
  from space 1024K, 100% used [0x00000000eaf00000,0x00000000eb000000,0x00000000eb000000)
  to   space 2048K, 0% used [0x00000000eb200000,0x00000000eb200000,0x00000000eb400000)
 ParOldGen       total 231424K, used 213134K [0x00000000c0000000, 0x00000000ce200000, 0x00000000eab00000)
  object space 231424K, 92% used [0x00000000c0000000,0x00000000cd023bc0,0x00000000ce200000)
 Metaspace       used 67412K, committed 68352K, reserved 1114112K
  class space    used 8119K, committed 8512K, reserved 1048576K
}
Event: 287.534 GC heap after
{Heap after GC invocations=562 (full 16):
 PSYoungGen      total 5632K, used 32K [0x00000000eab00000, 0x00000000eb280000, 0x0000000100000000)
  eden space 5120K, 0% used [0x00000000eab00000,0x00000000eab00000,0x00000000eb000000)
  from space 512K, 6% used [0x00000000eb200000,0x00000000eb208000,0x00000000eb280000)
  to   space 1024K, 0% used [0x00000000eb080000,0x00000000eb080000,0x00000000eb180000)
 ParOldGen       total 231424K, used 214182K [0x00000000c0000000, 0x00000000ce200000, 0x00000000eab00000)
  object space 231424K, 92% used [0x00000000c0000000,0x00000000cd129bc0,0x00000000ce200000)
 Metaspace       used 67412K, committed 68352K, reserved 1114112K
  class space    used 8119K, committed 8512K, reserved 1048576K
}
Event: 287.560 GC heap before
{Heap before GC invocations=563 (full 16):
 PSYoungGen      total 5632K, used 5152K [0x00000000eab00000, 0x00000000eb280000, 0x0000000100000000)
  eden space 5120K, 100% used [0x00000000eab00000,0x00000000eb000000,0x00000000eb000000)
  from space 512K, 6% used [0x00000000eb200000,0x00000000eb208000,0x00000000eb280000)
  to   space 1024K, 0% used [0x00000000eb080000,0x00000000eb080000,0x00000000eb180000)
 ParOldGen       total 231424K, used 214182K [0x00000000c0000000, 0x00000000ce200000, 0x00000000eab00000)
  object space 231424K, 92% used [0x00000000c0000000,0x00000000cd129bc0,0x00000000ce200000)
 Metaspace       used 67412K, committed 68352K, reserved 1114112K
  class space    used 8119K, committed 8512K, reserved 1048576K
}
Event: 287.562 GC heap after
{Heap after GC invocations=563 (full 16):
 PSYoungGen      total 6656K, used 224K [0x00000000eab00000, 0x00000000eb280000, 0x0000000100000000)
  eden space 5632K, 0% used [0x00000000eab00000,0x00000000eab00000,0x00000000eb080000)
  from space 1024K, 21% used [0x00000000eb080000,0x00000000eb0b8000,0x00000000eb180000)
  to   space 512K, 0% used [0x00000000eb200000,0x00000000eb200000,0x00000000eb280000)
 ParOldGen       total 231424K, used 214254K [0x00000000c0000000, 0x00000000ce200000, 0x00000000eab00000)
  object space 231424K, 92% used [0x00000000c0000000,0x00000000cd13bbc0,0x00000000ce200000)
 Metaspace       used 67412K, committed 68352K, reserved 1114112K
  class space    used 8119K, committed 8512K, reserved 1048576K
}
Event: 287.599 GC heap before
{Heap before GC invocations=564 (full 16):
 PSYoungGen      total 6656K, used 5856K [0x00000000eab00000, 0x00000000eb280000, 0x0000000100000000)
  eden space 5632K, 100% used [0x00000000eab00000,0x00000000eb080000,0x00000000eb080000)
  from space 1024K, 21% used [0x00000000eb080000,0x00000000eb0b8000,0x00000000eb180000)
  to   space 512K, 0% used [0x00000000eb200000,0x00000000eb200000,0x00000000eb280000)
 ParOldGen       total 231424K, used 214254K [0x00000000c0000000, 0x00000000ce200000, 0x00000000eab00000)
  object space 231424K, 92% used [0x00000000c0000000,0x00000000cd13bbc0,0x00000000ce200000)
 Metaspace       used 67412K, committed 68352K, reserved 1114112K
  class space    used 8119K, committed 8512K, reserved 1048576K
}
Event: 287.603 GC heap after
{Heap after GC invocations=564 (full 16):
 PSYoungGen      total 7168K, used 224K [0x00000000eab00000, 0x00000000eb280000, 0x0000000100000000)
  eden space 6656K, 0% used [0x00000000eab00000,0x00000000eab00000,0x00000000eb180000)
  from space 512K, 43% used [0x00000000eb200000,0x00000000eb238000,0x00000000eb280000)
  to   space 512K, 0% used [0x00000000eb180000,0x00000000eb180000,0x00000000eb200000)
 ParOldGen       total 231424K, used 214350K [0x00000000c0000000, 0x00000000ce200000, 0x00000000eab00000)
  object space 231424K, 92% used [0x00000000c0000000,0x00000000cd153bc0,0x00000000ce200000)
 Metaspace       used 67412K, committed 68352K, reserved 1114112K
  class space    used 8119K, committed 8512K, reserved 1048576K
}
Event: 288.115 GC heap before
{Heap before GC invocations=565 (full 16):
 PSYoungGen      total 7168K, used 6878K [0x00000000eab00000, 0x00000000eb280000, 0x0000000100000000)
  eden space 6656K, 99% used [0x00000000eab00000,0x00000000eb17f9e0,0x00000000eb180000)
  from space 512K, 43% used [0x00000000eb200000,0x00000000eb238000,0x00000000eb280000)
  to   space 512K, 0% used [0x00000000eb180000,0x00000000eb180000,0x00000000eb200000)
 ParOldGen       total 231424K, used 214350K [0x00000000c0000000, 0x00000000ce200000, 0x00000000eab00000)
  object space 231424K, 92% used [0x00000000c0000000,0x00000000cd153bc0,0x00000000ce200000)
 Metaspace       used 68554K, committed 69568K, reserved 1114112K
  class space    used 8223K, committed 8704K, reserved 1048576K
}
Event: 288.118 GC heap after
{Heap after GC invocations=565 (full 16):
 PSYoungGen      total 7168K, used 320K [0x00000000eab00000, 0x00000000eb380000, 0x0000000100000000)
  eden space 6656K, 0% used [0x00000000eab00000,0x00000000eab00000,0x00000000eb180000)
  from space 512K, 62% used [0x00000000eb180000,0x00000000eb1d0010,0x00000000eb200000)
  to   space 512K, 0% used [0x00000000eb300000,0x00000000eb300000,0x00000000eb380000)
 ParOldGen       total 231424K, used 214462K [0x00000000c0000000, 0x00000000ce200000, 0x00000000eab00000)
  object space 231424K, 92% used [0x00000000c0000000,0x00000000cd16fbc0,0x00000000ce200000)
 Metaspace       used 68554K, committed 69568K, reserved 1114112K
  class space    used 8223K, committed 8704K, reserved 1048576K
}

