# JRE version: OpenJDK Runtime Environment Temurin-17.0.5+8 (17.0.5+8) (build 17.0.5+8)
# Java VM: OpenJDK 64-Bit Server VM Temurin-17.0.5+8 (17.0.5+8, mixed mode, tiered, compressed oops, compressed class ptrs, parallel gc, windows-amd64)
GC Precious Log:
 CPUs: 8 total, 8 available
 Memory: 6091M
 Large Page Support: Disabled
 NUMA Support: Disabled
 Compressed Oops: Enabled (32-bit)
 Alignments: Space 512K, Generation 512K, Heap 2M
 Heap Min Capacity: 100M
 Heap Initial Capacity: 100M
 Heap Max Capacity: 1G
 Pre-touch: Disabled
 Parallel Workers: 8
Heap:
 PSYoungGen      total 13312K, used 9219K [0x00000000eab00000, 0x00000000ebb80000, 0x0000000100000000)
  eden space 12800K, 68% used [0x00000000eab00000,0x00000000eb388018,0x00000000eb780000)
  from space 512K, 94% used [0x00000000eba80000,0x00000000ebaf8f78,0x00000000ebb00000)
  to   space 512K, 0% used [0x00000000ebb00000,0x00000000ebb00000,0x00000000ebb80000)
 ParOldGen       total 68608K, used 45821K [0x00000000c0000000, 0x00000000c4300000, 0x00000000eab00000)
  object space 68608K, 66% used [0x00000000c0000000,0x00000000c2cbf5c0,0x00000000c4300000)
 Metaspace       used 62423K, committed 63424K, reserved 1105920K
  class space    used 7560K, committed 8000K, reserved 1048576K
GC Heap History (20 events):
Event: 17.481 GC heap before
{Heap before GC invocations=33 (full 2):
 PSYoungGen      total 13312K, used 13122K [0x00000000eab00000, 0x00000000ebc80000, 0x0000000100000000)
  eden space 12800K, 100% used [0x00000000eab00000,0x00000000eb780000,0x00000000eb780000)
  from space 512K, 63% used [0x00000000ebc00000,0x00000000ebc50a50,0x00000000ebc80000)
  to   space 512K, 0% used [0x00000000ebb80000,0x00000000ebb80000,0x00000000ebc00000)
 ParOldGen       total 68608K, used 45250K [0x00000000c0000000, 0x00000000c4300000, 0x00000000eab00000)
  object space 68608K, 65% used [0x00000000c0000000,0x00000000c2c30b18,0x00000000c4300000)
 Metaspace       used 57219K, committed 58176K, reserved 1105920K
  class space    used 6958K, committed 7360K, reserved 1048576K
}
Event: 17.482 GC heap after
{Heap after GC invocations=33 (full 2):
 PSYoungGen      total 13312K, used 256K [0x00000000eab00000, 0x00000000ebc80000, 0x0000000100000000)
  eden space 12800K, 0% used [0x00000000eab00000,0x00000000eab00000,0x00000000eb780000)
  from space 512K, 50% used [0x00000000ebb80000,0x00000000ebbc0000,0x00000000ebc00000)
  to   space 512K, 0% used [0x00000000ebc00000,0x00000000ebc00000,0x00000000ebc80000)
 ParOldGen       total 68608K, used 45378K [0x00000000c0000000, 0x00000000c4300000, 0x00000000eab00000)
  object space 68608K, 66% used [0x00000000c0000000,0x00000000c2c50b28,0x00000000c4300000)
 Metaspace       used 57219K, committed 58176K, reserved 1105920K
  class space    used 6958K, committed 7360K, reserved 1048576K
}
Event: 18.916 GC heap before
{Heap before GC invocations=34 (full 2):
 PSYoungGen      total 13312K, used 13056K [0x00000000eab00000, 0x00000000ebc80000, 0x0000000100000000)
  eden space 12800K, 100% used [0x00000000eab00000,0x00000000eb780000,0x00000000eb780000)
  from space 512K, 50% used [0x00000000ebb80000,0x00000000ebbc0000,0x00000000ebc00000)
  to   space 512K, 0% used [0x00000000ebc00000,0x00000000ebc00000,0x00000000ebc80000)
 ParOldGen       total 68608K, used 45378K [0x00000000c0000000, 0x00000000c4300000, 0x00000000eab00000)
  object space 68608K, 66% used [0x00000000c0000000,0x00000000c2c50b28,0x00000000c4300000)
 Metaspace       used 58016K, committed 59008K, reserved 1105920K
  class space    used 7078K, committed 7488K, reserved 1048576K
}
Event: 18.919 GC heap after
{Heap after GC invocations=34 (full 2):
 PSYoungGen      total 13312K, used 512K [0x00000000eab00000, 0x00000000ebc80000, 0x0000000100000000)
  eden space 12800K, 0% used [0x00000000eab00000,0x00000000eab00000,0x00000000eb780000)
  from space 512K, 100% used [0x00000000ebc00000,0x00000000ebc80000,0x00000000ebc80000)
  to   space 2048K, 0% used [0x00000000eb880000,0x00000000eb880000,0x00000000eba80000)
 ParOldGen       total 68608K, used 46402K [0x00000000c0000000, 0x00000000c4300000, 0x00000000eab00000)
  object space 68608K, 67% used [0x00000000c0000000,0x00000000c2d50828,0x00000000c4300000)
 Metaspace       used 58016K, committed 59008K, reserved 1105920K
  class space    used 7078K, committed 7488K, reserved 1048576K
}
Event: 25.783 GC heap before
{Heap before GC invocations=35 (full 2):
 PSYoungGen      total 13312K, used 8770K [0x00000000eab00000, 0x00000000ebc80000, 0x0000000100000000)
  eden space 12800K, 64% used [0x00000000eab00000,0x00000000eb310918,0x00000000eb780000)
  from space 512K, 100% used [0x00000000ebc00000,0x00000000ebc80000,0x00000000ebc80000)
  to   space 2048K, 0% used [0x00000000eb880000,0x00000000eb880000,0x00000000eba80000)
 ParOldGen       total 68608K, used 46402K [0x00000000c0000000, 0x00000000c4300000, 0x00000000eab00000)
  object space 68608K, 67% used [0x00000000c0000000,0x00000000c2d50828,0x00000000c4300000)
 Metaspace       used 58810K, committed 59776K, reserved 1105920K
  class space    used 7181K, committed 7616K, reserved 1048576K
}
Event: 25.785 GC heap after
{Heap after GC invocations=35 (full 2):
 PSYoungGen      total 14848K, used 544K [0x00000000eab00000, 0x00000000ebc80000, 0x0000000100000000)
  eden space 12800K, 0% used [0x00000000eab00000,0x00000000eab00000,0x00000000eb780000)
  from space 2048K, 26% used [0x00000000eb880000,0x00000000eb908000,0x00000000eba80000)
  to   space 1024K, 0% used [0x00000000ebb80000,0x00000000ebb80000,0x00000000ebc80000)
 ParOldGen       total 68608K, used 46914K [0x00000000c0000000, 0x00000000c4300000, 0x00000000eab00000)
  object space 68608K, 68% used [0x00000000c0000000,0x00000000c2dd0848,0x00000000c4300000)
 Metaspace       used 58810K, committed 59776K, reserved 1105920K
  class space    used 7181K, committed 7616K, reserved 1048576K
}
Event: 25.786 GC heap before
{Heap before GC invocations=36 (full 3):
 PSYoungGen      total 14848K, used 544K [0x00000000eab00000, 0x00000000ebc80000, 0x0000000100000000)
  eden space 12800K, 0% used [0x00000000eab00000,0x00000000eab00000,0x00000000eb780000)
  from space 2048K, 26% used [0x00000000eb880000,0x00000000eb908000,0x00000000eba80000)
  to   space 1024K, 0% used [0x00000000ebb80000,0x00000000ebb80000,0x00000000ebc80000)
 ParOldGen       total 68608K, used 46914K [0x00000000c0000000, 0x00000000c4300000, 0x00000000eab00000)
  object space 68608K, 68% used [0x00000000c0000000,0x00000000c2dd0848,0x00000000c4300000)
 Metaspace       used 58810K, committed 59776K, reserved 1105920K
  class space    used 7181K, committed 7616K, reserved 1048576K
}
Event: 25.877 GC heap after
{Heap after GC invocations=36 (full 3):
 PSYoungGen      total 14848K, used 0K [0x00000000eab00000, 0x00000000ebc80000, 0x0000000100000000)
  eden space 12800K, 0% used [0x00000000eab00000,0x00000000eab00000,0x00000000eb780000)
  from space 2048K, 0% used [0x00000000eb880000,0x00000000eb880000,0x00000000eba80000)
  to   space 1024K, 0% used [0x00000000ebb80000,0x00000000ebb80000,0x00000000ebc80000)
 ParOldGen       total 68608K, used 43599K [0x00000000c0000000, 0x00000000c4300000, 0x00000000eab00000)
  object space 68608K, 63% used [0x00000000c0000000,0x00000000c2a93ff8,0x00000000c4300000)
 Metaspace       used 58810K, committed 59776K, reserved 1105920K
  class space    used 7181K, committed 7616K, reserved 1048576K
}
Event: 35.894 GC heap before
{Heap before GC invocations=37 (full 3):
 PSYoungGen      total 14848K, used 12800K [0x00000000eab00000, 0x00000000ebc80000, 0x0000000100000000)
  eden space 12800K, 100% used [0x00000000eab00000,0x00000000eb780000,0x00000000eb780000)
  from space 2048K, 0% used [0x00000000eb880000,0x00000000eb880000,0x00000000eba80000)
  to   space 1024K, 0% used [0x00000000ebb80000,0x00000000ebb80000,0x00000000ebc80000)
 ParOldGen       total 68608K, used 43599K [0x00000000c0000000, 0x00000000c4300000, 0x00000000eab00000)
  object space 68608K, 63% used [0x00000000c0000000,0x00000000c2a93ff8,0x00000000c4300000)
 Metaspace       used 58889K, committed 59840K, reserved 1105920K
  class space    used 7193K, committed 7616K, reserved 1048576K
}
Event: 35.896 GC heap after
{Heap after GC invocations=37 (full 3):
 PSYoungGen      total 13824K, used 1024K [0x00000000eab00000, 0x00000000ebc80000, 0x0000000100000000)
  eden space 12800K, 0% used [0x00000000eab00000,0x00000000eab00000,0x00000000eb780000)
  from space 1024K, 100% used [0x00000000ebb80000,0x00000000ebc80000,0x00000000ebc80000)
  to   space 2560K, 0% used [0x00000000eb780000,0x00000000eb780000,0x00000000eba00000)
 ParOldGen       total 68608K, used 44815K [0x00000000c0000000, 0x00000000c4300000, 0x00000000eab00000)
  object space 68608K, 65% used [0x00000000c0000000,0x00000000c2bc3ff8,0x00000000c4300000)
 Metaspace       used 58889K, committed 59840K, reserved 1105920K
  class space    used 7193K, committed 7616K, reserved 1048576K
}
Event: 46.744 GC heap before
{Heap before GC invocations=38 (full 3):
 PSYoungGen      total 13824K, used 13824K [0x00000000eab00000, 0x00000000ebc80000, 0x0000000100000000)
  eden space 12800K, 100% used [0x00000000eab00000,0x00000000eb780000,0x00000000eb780000)
  from space 1024K, 100% used [0x00000000ebb80000,0x00000000ebc80000,0x00000000ebc80000)
  to   space 2560K, 0% used [0x00000000eb780000,0x00000000eb780000,0x00000000eba00000)
 ParOldGen       total 68608K, used 44815K [0x00000000c0000000, 0x00000000c4300000, 0x00000000eab00000)
  object space 68608K, 65% used [0x00000000c0000000,0x00000000c2bc3ff8,0x00000000c4300000)
 Metaspace       used 59047K, committed 60032K, reserved 1105920K
  class space    used 7216K, committed 7680K, reserved 1048576K
}
Event: 46.747 GC heap after
{Heap after GC invocations=38 (full 3):
 PSYoungGen      total 15360K, used 256K [0x00000000eab00000, 0x00000000ebc00000, 0x0000000100000000)
  eden space 12800K, 0% used [0x00000000eab00000,0x00000000eab00000,0x00000000eb780000)
  from space 2560K, 10% used [0x00000000eb780000,0x00000000eb7c0000,0x00000000eba00000)
  to   space 1024K, 0% used [0x00000000ebb00000,0x00000000ebb00000,0x00000000ebc00000)
 ParOldGen       total 68608K, used 45055K [0x00000000c0000000, 0x00000000c4300000, 0x00000000eab00000)
  object space 68608K, 65% used [0x00000000c0000000,0x00000000c2bffff8,0x00000000c4300000)
 Metaspace       used 59047K, committed 60032K, reserved 1105920K
  class space    used 7216K, committed 7680K, reserved 1048576K
}
Event: 48.553 GC heap before
{Heap before GC invocations=39 (full 3):
 PSYoungGen      total 15360K, used 13056K [0x00000000eab00000, 0x00000000ebc00000, 0x0000000100000000)
  eden space 12800K, 100% used [0x00000000eab00000,0x00000000eb780000,0x00000000eb780000)
  from space 2560K, 10% used [0x00000000eb780000,0x00000000eb7c0000,0x00000000eba00000)
  to   space 1024K, 0% used [0x00000000ebb00000,0x00000000ebb00000,0x00000000ebc00000)
 ParOldGen       total 68608K, used 45055K [0x00000000c0000000, 0x00000000c4300000, 0x00000000eab00000)
  object space 68608K, 65% used [0x00000000c0000000,0x00000000c2bffff8,0x00000000c4300000)
 Metaspace       used 59236K, committed 60288K, reserved 1105920K
  class space    used 7227K, committed 7680K, reserved 1048576K
}
Event: 48.554 GC heap after
{Heap after GC invocations=39 (full 3):
 PSYoungGen      total 13312K, used 320K [0x00000000eab00000, 0x00000000ebb80000, 0x0000000100000000)
  eden space 12800K, 0% used [0x00000000eab00000,0x00000000eab00000,0x00000000eb780000)
  from space 512K, 62% used [0x00000000ebb00000,0x00000000ebb50000,0x00000000ebb80000)
  to   space 512K, 0% used [0x00000000eba80000,0x00000000eba80000,0x00000000ebb00000)
 ParOldGen       total 68608K, used 45153K [0x00000000c0000000, 0x00000000c4300000, 0x00000000eab00000)
  object space 68608K, 65% used [0x00000000c0000000,0x00000000c2c18730,0x00000000c4300000)
 Metaspace       used 59236K, committed 60288K, reserved 1105920K
  class space    used 7227K, committed 7680K, reserved 1048576K
}
Event: 53.322 GC heap before
{Heap before GC invocations=40 (full 3):
 PSYoungGen      total 13312K, used 13120K [0x00000000eab00000, 0x00000000ebb80000, 0x0000000100000000)
  eden space 12800K, 100% used [0x00000000eab00000,0x00000000eb780000,0x00000000eb780000)
  from space 512K, 62% used [0x00000000ebb00000,0x00000000ebb50000,0x00000000ebb80000)
  to   space 512K, 0% used [0x00000000eba80000,0x00000000eba80000,0x00000000ebb00000)
 ParOldGen       total 68608K, used 45153K [0x00000000c0000000, 0x00000000c4300000, 0x00000000eab00000)
  object space 68608K, 65% used [0x00000000c0000000,0x00000000c2c18730,0x00000000c4300000)
 Metaspace       used 59656K, committed 60608K, reserved 1105920K
  class space    used 7268K, committed 7680K, reserved 1048576K
}
Event: 53.392 GC heap after
{Heap after GC invocations=40 (full 3):
 PSYoungGen      total 13312K, used 416K [0x00000000eab00000, 0x00000000ebb80000, 0x0000000100000000)
  eden space 12800K, 0% used [0x00000000eab00000,0x00000000eab00000,0x00000000eb780000)
  from space 512K, 81% used [0x00000000eba80000,0x00000000ebae8000,0x00000000ebb00000)
  to   space 512K, 0% used [0x00000000ebb00000,0x00000000ebb00000,0x00000000ebb80000)
 ParOldGen       total 68608K, used 45306K [0x00000000c0000000, 0x00000000c4300000, 0x00000000eab00000)
  object space 68608K, 66% used [0x00000000c0000000,0x00000000c2c3ea10,0x00000000c4300000)
 Metaspace       used 59656K, committed 60608K, reserved 1105920K
  class space    used 7268K, committed 7680K, reserved 1048576K
}
Event: 53.577 GC heap before
{Heap before GC invocations=41 (full 3):
 PSYoungGen      total 13312K, used 13216K [0x00000000eab00000, 0x00000000ebb80000, 0x0000000100000000)
  eden space 12800K, 100% used [0x00000000eab00000,0x00000000eb780000,0x00000000eb780000)
  from space 512K, 81% used [0x00000000eba80000,0x00000000ebae8000,0x00000000ebb00000)
  to   space 512K, 0% used [0x00000000ebb00000,0x00000000ebb00000,0x00000000ebb80000)
 ParOldGen       total 68608K, used 45306K [0x00000000c0000000, 0x00000000c4300000, 0x00000000eab00000)
  object space 68608K, 66% used [0x00000000c0000000,0x00000000c2c3ea10,0x00000000c4300000)
 Metaspace       used 59664K, committed 60672K, reserved 1105920K
  class space    used 7268K, committed 7680K, reserved 1048576K
}
Event: 53.655 GC heap after
{Heap after GC invocations=41 (full 3):
 PSYoungGen      total 13312K, used 192K [0x00000000eab00000, 0x00000000ebb80000, 0x0000000100000000)
  eden space 12800K, 0% used [0x00000000eab00000,0x00000000eab00000,0x00000000eb780000)
  from space 512K, 37% used [0x00000000ebb00000,0x00000000ebb30000,0x00000000ebb80000)
  to   space 512K, 0% used [0x00000000eba80000,0x00000000eba80000,0x00000000ebb00000)
 ParOldGen       total 68608K, used 45661K [0x00000000c0000000, 0x00000000c4300000, 0x00000000eab00000)
  object space 68608K, 66% used [0x00000000c0000000,0x00000000c2c975c0,0x00000000c4300000)
 Metaspace       used 59664K, committed 60672K, reserved 1105920K
  class space    used 7268K, committed 7680K, reserved 1048576K
}
Event: 54.499 GC heap before
{Heap before GC invocations=42 (full 3):
 PSYoungGen      total 13312K, used 12970K [0x00000000eab00000, 0x00000000ebb80000, 0x0000000100000000)
  eden space 12800K, 99% used [0x00000000eab00000,0x00000000eb77a910,0x00000000eb780000)
  from space 512K, 37% used [0x00000000ebb00000,0x00000000ebb30000,0x00000000ebb80000)
  to   space 512K, 0% used [0x00000000eba80000,0x00000000eba80000,0x00000000ebb00000)
 ParOldGen       total 68608K, used 45661K [0x00000000c0000000, 0x00000000c4300000, 0x00000000eab00000)
  object space 68608K, 66% used [0x00000000c0000000,0x00000000c2c975c0,0x00000000c4300000)
 Metaspace       used 61202K, committed 62272K, reserved 1105920K
  class space    used 7402K, committed 7872K, reserved 1048576K
}
Event: 54.501 GC heap after
{Heap after GC invocations=42 (full 3):
 PSYoungGen      total 13312K, used 483K [0x00000000eab00000, 0x00000000ebb80000, 0x0000000100000000)
  eden space 12800K, 0% used [0x00000000eab00000,0x00000000eab00000,0x00000000eb780000)
  from space 512K, 94% used [0x00000000eba80000,0x00000000ebaf8f78,0x00000000ebb00000)
  to   space 512K, 0% used [0x00000000ebb00000,0x00000000ebb00000,0x00000000ebb80000)
 ParOldGen       total 68608K, used 45821K [0x00000000c0000000, 0x00000000c4300000, 0x00000000eab00000)
  object space 68608K, 66% used [0x00000000c0000000,0x00000000c2cbf5c0,0x00000000c4300000)
 Metaspace       used 61202K, committed 62272K, reserved 1105920K
  class space    used 7402K, committed 7872K, reserved 1048576K
}

